# JRE version: Java(TM) SE Runtime Environment (8.0_05-b13) (build 1.8.0_05-b13)
# Java VM: Java HotSpot(TM) 64-Bit Server VM (25.5-b02 mixed mode windows-amd64 compressed oops)
Heap:
 def new generation   total 1152K, used 1127K [0x00000000a2400000, 0x00000000a2540000, 0x00000000c1800000)
  eden space 1024K, 100% used [0x00000000a2400000, 0x00000000a2500000, 0x00000000a2500000)
  from space 128K,  80% used [0x00000000a2500000, 0x00000000a2519c28, 0x00000000a2520000)
  to   space 128K,   0% used [0x00000000a2520000, 0x00000000a2520090, 0x00000000a2540000)
 tenured generation   total 64256K, used 58072K [0x00000000c1800000, 0x00000000c56c0000, 0x0000000100000000)
   the space 64256K,  90% used [0x00000000c1800000, 0x00000000c50b6090, 0x00000000c50b6200, 0x00000000c56c0000)
 Metaspace       used 12838K, capacity 13176K, committed 13312K, reserved 1060864K
  class space    used 1447K, capacity 1526K, committed 1536K, reserved 1048576K
GC Heap History (10 events):
Event: 52.390 GC heap before
{Heap before GC invocations=688 (full 0):
 def new generation   total 1152K, used 1128K [0x00000000a2400000, 0x00000000a2540000, 0x00000000c1800000)
  eden space 1024K, 100% used [0x00000000a2400000, 0x00000000a2500000, 0x00000000a2500000)
  from space 128K,  81% used [0x00000000a2500000, 0x00000000a251a068, 0x00000000a2520000)
  to   space 128K,   0% used [0x00000000a2520000, 0x00000000a2520000, 0x00000000a2540000)
 tenured generation   total 64256K, used 56708K [0x00000000c1800000, 0x00000000c56c0000, 0x0000000100000000)
   the space 64256K,  88% used [0x00000000c1800000, 0x00000000c4f61098, 0x00000000c4f61200, 0x00000000c56c0000)
 Metaspace       used 12838K, capacity 13176K, committed 13312K, reserved 1060864K
  class space    used 1447K, capacity 1526K, committed 1536K, reserved 1048576K
Event: 52.396 GC heap after
Heap after GC invocations=689 (full 0):
 def new generation   total 1152K, used 103K [0x00000000a2400000, 0x00000000a2540000, 0x00000000c1800000)
  eden space 1024K,   0% used [0x00000000a2400000, 0x00000000a2400000, 0x00000000a2500000)
  from space 128K,  81% used [0x00000000a2520000, 0x00000000a2539f10, 0x00000000a2540000)
  to   space 128K,   0% used [0x00000000a2500000, 0x00000000a2500000, 0x00000000a2520000)
 tenured generation   total 64256K, used 56760K [0x00000000c1800000, 0x00000000c56c0000, 0x0000000100000000)
   the space 64256K,  88% used [0x00000000c1800000, 0x00000000c4f6e0b8, 0x00000000c4f6e200, 0x00000000c56c0000)
 Metaspace       used 12838K, capacity 13176K, committed 13312K, reserved 1060864K
  class space    used 1447K, capacity 1526K, committed 1536K, reserved 1048576K
}
Event: 52.403 GC heap before
{Heap before GC invocations=689 (full 0):
 def new generation   total 1152K, used 1127K [0x00000000a2400000, 0x00000000a2540000, 0x00000000c1800000)
  eden space 1024K, 100% used [0x00000000a2400000, 0x00000000a2500000, 0x00000000a2500000)
  from space 128K,  81% used [0x00000000a2520000, 0x00000000a2539f10, 0x00000000a2540000)
  to   space 128K,   0% used [0x00000000a2500000, 0x00000000a2500000, 0x00000000a2520000)
 tenured generation   total 64256K, used 56760K [0x00000000c1800000, 0x00000000c56c0000, 0x0000000100000000)
   the space 64256K,  88% used [0x00000000c1800000, 0x00000000c4f6e0b8, 0x00000000c4f6e200, 0x00000000c56c0000)
 Metaspace       used 12838K, capacity 13176K, committed 13312K, reserved 1060864K
  class space    used 1447K, capacity 1526K, committed 1536K, reserved 1048576K
Event: 52.408 GC heap after
Heap after GC invocations=690 (full 0):
 def new generation   total 1152K, used 103K [0x00000000a2400000, 0x00000000a2540000, 0x00000000c1800000)
  eden space 1024K,   0% used [0x00000000a2400000, 0x00000000a2400000, 0x00000000a2500000)
  from space 128K,  80% used [0x00000000a2500000, 0x00000000a2519e98, 0x00000000a2520000)
  to   space 128K,   0% used [0x00000000a2520000, 0x00000000a2520000, 0x00000000a2540000)
 tenured generation   total 64256K, used 56811K [0x00000000c1800000, 0x00000000c56c0000, 0x0000000100000000)
   the space 64256K,  88% used [0x00000000c1800000, 0x00000000c4f7afd8, 0x00000000c4f7b000, 0x00000000c56c0000)
 Metaspace       used 12838K, capacity 13176K, committed 13312K, reserved 1060864K
  class space    used 1447K, capacity 1526K, committed 1536K, reserved 1048576K
}
Event: 52.413 GC heap before
{Heap before GC invocations=690 (full 0):
 def new generation   total 1152K, used 1127K [0x00000000a2400000, 0x00000000a2540000, 0x00000000c1800000)
  eden space 1024K, 100% used [0x00000000a2400000, 0x00000000a2500000, 0x00000000a2500000)
  from space 128K,  80% used [0x00000000a2500000, 0x00000000a2519e98, 0x00000000a2520000)
  to   space 128K,   0% used [0x00000000a2520000, 0x00000000a2520000, 0x00000000a2540000)
 tenured generation   total 64256K, used 56811K [0x00000000c1800000, 0x00000000c56c0000, 0x0000000100000000)
   the space 64256K,  88% used [0x00000000c1800000, 0x00000000c4f7afd8, 0x00000000c4f7b000, 0x00000000c56c0000)
 Metaspace       used 12838K, capacity 13176K, committed 13312K, reserved 1060864K
  class space    used 1447K, capacity 1526K, committed 1536K, reserved 1048576K
Event: 52.417 GC heap after
Heap after GC invocations=691 (full 0):
 def new generation   total 1152K, used 104K [0x00000000a2400000, 0x00000000a2540000, 0x00000000c1800000)
  eden space 1024K,   0% used [0x00000000a2400000, 0x00000000a2400000, 0x00000000a2500000)
  from space 128K,  81% used [0x00000000a2520000, 0x00000000a253a290, 0x00000000a2540000)
  to   space 128K,   0% used [0x00000000a2500000, 0x00000000a2500000, 0x00000000a2520000)
 tenured generation   total 64256K, used 56863K [0x00000000c1800000, 0x00000000c56c0000, 0x0000000100000000)
   the space 64256K,  88% used [0x00000000c1800000, 0x00000000c4f87f38, 0x00000000c4f88000, 0x00000000c56c0000)
 Metaspace       used 12838K, capacity 13176K, committed 13312K, reserved 1060864K
  class space    used 1447K, capacity 1526K, committed 1536K, reserved 1048576K
}
Event: 52.421 GC heap before
{Heap before GC invocations=691 (full 0):
 def new generation   total 1152K, used 1128K [0x00000000a2400000, 0x00000000a2540000, 0x00000000c1800000)
  eden space 1024K, 100% used [0x00000000a2400000, 0x00000000a2500000, 0x00000000a2500000)
  from space 128K,  81% used [0x00000000a2520000, 0x00000000a253a290, 0x00000000a2540000)
  to   space 128K,   0% used [0x00000000a2500000, 0x00000000a2500000, 0x00000000a2520000)
 tenured generation   total 64256K, used 56863K [0x00000000c1800000, 0x00000000c56c0000, 0x0000000100000000)
   the space 64256K,  88% used [0x00000000c1800000, 0x00000000c4f87f38, 0x00000000c4f88000, 0x00000000c56c0000)
 Metaspace       used 12838K, capacity 13176K, committed 13312K, reserved 1060864K
  class space    used 1447K, capacity 1526K, committed 1536K, reserved 1048576K
Event: 52.424 GC heap after
Heap after GC invocations=692 (full 0):
 def new generation   total 1152K, used 105K [0x00000000a2400000, 0x00000000a2540000, 0x00000000c1800000)
  eden space 1024K,   0% used [0x00000000a2400000, 0x00000000a2400000, 0x00000000a2500000)
  from space 128K,  82% used [0x00000000a2500000, 0x00000000a251a498, 0x00000000a2520000)
  to   space 128K,   0% used [0x00000000a2520000, 0x00000000a2520000, 0x00000000a2540000)
 tenured generation   total 64256K, used 56915K [0x00000000c1800000, 0x00000000c56c0000, 0x0000000100000000)
   the space 64256K,  88% used [0x00000000c1800000, 0x00000000c4f94da0, 0x00000000c4f94e00, 0x00000000c56c0000)
 Metaspace       used 12838K, capacity 13176K, committed 13312K, reserved 1060864K
  class space    used 1447K, capacity 1526K, committed 1536K, reserved 1048576K
}
Event: 52.432 GC heap before
{Heap before GC invocations=692 (full 0):
 def new generation   total 1152K, used 1129K [0x00000000a2400000, 0x00000000a2540000, 0x00000000c1800000)
  eden space 1024K, 100% used [0x00000000a2400000, 0x00000000a2500000, 0x00000000a2500000)
  from space 128K,  82% used [0x00000000a2500000, 0x00000000a251a498, 0x00000000a2520000)
  to   space 128K,   0% used [0x00000000a2520000, 0x00000000a2520000, 0x00000000a2540000)
 tenured generation   total 64256K, used 56915K [0x00000000c1800000, 0x00000000c56c0000, 0x0000000100000000)
   the space 64256K,  88% used [0x00000000c1800000, 0x00000000c4f94da0, 0x00000000c4f94e00, 0x00000000c56c0000)
 Metaspace       used 12838K, capacity 13176K, committed 13312K, reserved 1060864K
  class space    used 1447K, capacity 1526K, committed 1536K, reserved 1048576K
Event: 52.437 GC heap after
Heap after GC invocations=693 (full 0):
 def new generation   total 1152K, used 105K [0x00000000a2400000, 0x00000000a2540000, 0x00000000c1800000)
  eden space 1024K,   0% used [0x00000000a2400000, 0x00000000a2400000, 0x00000000a2500000)
  from space 128K,  82% used [0x00000000a2520000, 0x00000000a253a7d8, 0x00000000a2540000)
  to   space 128K,   0% used [0x00000000a2500000, 0x00000000a2500000, 0x00000000a2520000)
 tenured generation   total 64256K, used 56967K [0x00000000c1800000, 0x00000000c56c0000, 0x0000000100000000)
   the space 64256K,  88% used [0x00000000c1800000, 0x00000000c4fa1f70, 0x00000000c4fa2000, 0x00000000c56c0000)
 Metaspace       used 12838K, capacity 13176K, committed 13312K, reserved 1060864K
  class space    used 1447K, capacity 1526K, committed 1536K, reserved 1048576K
}

