# JRE version: Java(TM) SE Runtime Environment (8.0_05-b13) (build 1.8.0_05-b13)
# Java VM: Java HotSpot(TM) 64-Bit Server VM (25.5-b02 mixed mode windows-amd64 compressed oops)
Heap:
 def new generation   total 1152K, used 393K [0x00000000a2400000, 0x00000000a2540000, 0x00000000c1800000)
  eden space 1024K,  25% used [0x00000000a2400000, 0x00000000a2442728, 0x00000000a2500000)
  from space 128K,  99% used [0x00000000a2500000, 0x00000000a251fff0, 0x00000000a2520000)
  to   space 128K,   0% used [0x00000000a2520000, 0x00000000a2520000, 0x00000000a2540000)
 tenured generation   total 64256K, used 4297K [0x00000000c1800000, 0x00000000c56c0000, 0x0000000100000000)
   the space 64256K,   6% used [0x00000000c1800000, 0x00000000c1c32468, 0x00000000c1c32600, 0x00000000c56c0000)
 Metaspace       used 8405K, capacity 8684K, committed 8832K, reserved 1056768K
  class space    used 985K, capacity 1060K, committed 1152K, reserved 1048576K
GC Heap History (10 events):
Event: 2.549 GC heap before
{Heap before GC invocations=31 (full 0):
 def new generation   total 1152K, used 1151K [0x00000000a2400000, 0x00000000a2540000, 0x00000000c1800000)
  eden space 1024K, 100% used [0x00000000a2400000, 0x00000000a2500000, 0x00000000a2500000)
  from space 128K,  99% used [0x00000000a2520000, 0x00000000a253fe18, 0x00000000a2540000)
  to   space 128K,   0% used [0x00000000a2500000, 0x00000000a2500000, 0x00000000a2520000)
 tenured generation   total 64256K, used 4087K [0x00000000c1800000, 0x00000000c56c0000, 0x0000000100000000)
   the space 64256K,   6% used [0x00000000c1800000, 0x00000000c1bfde28, 0x00000000c1bfe000, 0x00000000c56c0000)
 Metaspace       used 7308K, capacity 7628K, committed 7936K, reserved 1056768K
  class space    used 815K, capacity 900K, committed 1024K, reserved 1048576K
Event: 2.552 GC heap after
Heap after GC invocations=32 (full 0):
 def new generation   total 1152K, used 124K [0x00000000a2400000, 0x00000000a2540000, 0x00000000c1800000)
  eden space 1024K,   0% used [0x00000000a2400000, 0x00000000a2400000, 0x00000000a2500000)
  from space 128K,  97% used [0x00000000a2500000, 0x00000000a251f398, 0x00000000a2520000)
  to   space 128K,   0% used [0x00000000a2520000, 0x00000000a2520000, 0x00000000a2540000)
 tenured generation   total 64256K, used 4139K [0x00000000c1800000, 0x00000000c56c0000, 0x0000000100000000)
   the space 64256K,   6% used [0x00000000c1800000, 0x00000000c1c0add8, 0x00000000c1c0ae00, 0x00000000c56c0000)
 Metaspace       used 7308K, capacity 7628K, committed 7936K, reserved 1056768K
  class space    used 815K, capacity 900K, committed 1024K, reserved 1048576K
}
Event: 2.592 GC heap before
{Heap before GC invocations=32 (full 0):
 def new generation   total 1152K, used 1148K [0x00000000a2400000, 0x00000000a2540000, 0x00000000c1800000)
  eden space 1024K, 100% used [0x00000000a2400000, 0x00000000a2500000, 0x00000000a2500000)
  from space 128K,  97% used [0x00000000a2500000, 0x00000000a251f398, 0x00000000a2520000)
  to   space 128K,   0% used [0x00000000a2520000, 0x00000000a2520000, 0x00000000a2540000)
 tenured generation   total 64256K, used 4139K [0x00000000c1800000, 0x00000000c56c0000, 0x0000000100000000)
   the space 64256K,   6% used [0x00000000c1800000, 0x00000000c1c0add8, 0x00000000c1c0ae00, 0x00000000c56c0000)
 Metaspace       used 7487K, capacity 7756K, committed 7936K, reserved 1056768K
  class space    used 839K, capacity 900K, committed 1024K, reserved 1048576K
Event: 2.595 GC heap after
Heap after GC invocations=33 (full 0):
 def new generation   total 1152K, used 127K [0x00000000a2400000, 0x00000000a2540000, 0x00000000c1800000)
  eden space 1024K,   0% used [0x00000000a2400000, 0x00000000a2400000, 0x00000000a2500000)
  from space 128K,  99% used [0x00000000a2520000, 0x00000000a253ffd0, 0x00000000a2540000)
  to   space 128K,   0% used [0x00000000a2500000, 0x00000000a2500000, 0x00000000a2520000)
 tenured generation   total 64256K, used 4190K [0x00000000c1800000, 0x00000000c56c0000, 0x0000000100000000)
   the space 64256K,   6% used [0x00000000c1800000, 0x00000000c1c17b90, 0x00000000c1c17c00, 0x00000000c56c0000)
 Metaspace       used 7487K, capacity 7756K, committed 7936K, reserved 1056768K
  class space    used 839K, capacity 900K, committed 1024K, reserved 1048576K
}
Event: 2.643 GC heap before
{Heap before GC invocations=33 (full 0):
 def new generation   total 1152K, used 1151K [0x00000000a2400000, 0x00000000a2540000, 0x00000000c1800000)
  eden space 1024K, 100% used [0x00000000a2400000, 0x00000000a2500000, 0x00000000a2500000)
  from space 128K,  99% used [0x00000000a2520000, 0x00000000a253ffd0, 0x00000000a2540000)
  to   space 128K,   0% used [0x00000000a2500000, 0x00000000a2500000, 0x00000000a2520000)
 tenured generation   total 64256K, used 4190K [0x00000000c1800000, 0x00000000c56c0000, 0x0000000100000000)
   the space 64256K,   6% used [0x00000000c1800000, 0x00000000c1c17b90, 0x00000000c1c17c00, 0x00000000c56c0000)
 Metaspace       used 7926K, capacity 8172K, committed 8448K, reserved 1056768K
  class space    used 891K, capacity 932K, committed 1024K, reserved 1048576K
Event: 2.646 GC heap after
Heap after GC invocations=34 (full 0):
 def new generation   total 1152K, used 127K [0x00000000a2400000, 0x00000000a2540000, 0x00000000c1800000)
  eden space 1024K,   0% used [0x00000000a2400000, 0x00000000a2400000, 0x00000000a2500000)
  from space 128K,  99% used [0x00000000a2500000, 0x00000000a251ff08, 0x00000000a2520000)
  to   space 128K,   0% used [0x00000000a2520000, 0x00000000a2520000, 0x00000000a2540000)
 tenured generation   total 64256K, used 4207K [0x00000000c1800000, 0x00000000c56c0000, 0x0000000100000000)
   the space 64256K,   6% used [0x00000000c1800000, 0x00000000c1c1bf88, 0x00000000c1c1c000, 0x00000000c56c0000)
 Metaspace       used 7926K, capacity 8172K, committed 8448K, reserved 1056768K
  class space    used 891K, capacity 932K, committed 1024K, reserved 1048576K
}
Event: 2.739 GC heap before
{Heap before GC invocations=34 (full 0):
 def new generation   total 1152K, used 1143K [0x00000000a2400000, 0x00000000a2540000, 0x00000000c1800000)
  eden space 1024K,  99% used [0x00000000a2400000, 0x00000000a24fddc0, 0x00000000a2500000)
  from space 128K,  99% used [0x00000000a2500000, 0x00000000a251ff08, 0x00000000a2520000)
  to   space 128K,   0% used [0x00000000a2520000, 0x00000000a2520000, 0x00000000a2540000)
 tenured generation   total 64256K, used 4207K [0x00000000c1800000, 0x00000000c56c0000, 0x0000000100000000)
   the space 64256K,   6% used [0x00000000c1800000, 0x00000000c1c1bf88, 0x00000000c1c1c000, 0x00000000c56c0000)
 Metaspace       used 8269K, capacity 8524K, committed 8832K, reserved 1056768K
  class space    used 951K, capacity 1028K, committed 1152K, reserved 1048576K
Event: 2.742 GC heap after
Heap after GC invocations=35 (full 0):
 def new generation   total 1152K, used 122K [0x00000000a2400000, 0x00000000a2540000, 0x00000000c1800000)
  eden space 1024K,   0% used [0x00000000a2400000, 0x00000000a2400000, 0x00000000a2500000)
  from space 128K,  95% used [0x00000000a2520000, 0x00000000a253e858, 0x00000000a2540000)
  to   space 128K,   0% used [0x00000000a2500000, 0x00000000a2500000, 0x00000000a2520000)
 tenured generation   total 64256K, used 4238K [0x00000000c1800000, 0x00000000c56c0000, 0x0000000100000000)
   the space 64256K,   6% used [0x00000000c1800000, 0x00000000c1c23a10, 0x00000000c1c23c00, 0x00000000c56c0000)
 Metaspace       used 8269K, capacity 8524K, committed 8832K, reserved 1056768K
  class space    used 951K, capacity 1028K, committed 1152K, reserved 1048576K
}
Event: 2.776 GC heap before
{Heap before GC invocations=35 (full 0):
 def new generation   total 1152K, used 1146K [0x00000000a2400000, 0x00000000a2540000, 0x00000000c1800000)
  eden space 1024K, 100% used [0x00000000a2400000, 0x00000000a2500000, 0x00000000a2500000)
  from space 128K,  95% used [0x00000000a2520000, 0x00000000a253e858, 0x00000000a2540000)
  to   space 128K,   0% used [0x00000000a2500000, 0x00000000a2500000, 0x00000000a2520000)
 tenured generation   total 64256K, used 4238K [0x00000000c1800000, 0x00000000c56c0000, 0x0000000100000000)
   the space 64256K,   6% used [0x00000000c1800000, 0x00000000c1c23a10, 0x00000000c1c23c00, 0x00000000c56c0000)
 Metaspace       used 8383K, capacity 8588K, committed 8832K, reserved 1056768K
  class space    used 979K, capacity 1028K, committed 1152K, reserved 1048576K
Event: 2.780 GC heap after
Heap after GC invocations=36 (full 0):
 def new generation   total 1152K, used 127K [0x00000000a2400000, 0x00000000a2540000, 0x00000000c1800000)
  eden space 1024K,   0% used [0x00000000a2400000, 0x00000000a2400000, 0x00000000a2500000)
  from space 128K,  99% used [0x00000000a2500000, 0x00000000a251fff0, 0x00000000a2520000)
  to   space 128K,   0% used [0x00000000a2520000, 0x00000000a2520000, 0x00000000a2540000)
 tenured generation   total 64256K, used 4297K [0x00000000c1800000, 0x00000000c56c0000, 0x0000000100000000)
   the space 64256K,   6% used [0x00000000c1800000, 0x00000000c1c32468, 0x00000000c1c32600, 0x00000000c56c0000)
 Metaspace       used 8383K, capacity 8588K, committed 8832K, reserved 1056768K
  class space    used 979K, capacity 1028K, committed 1152K, reserved 1048576K
}

