# JRE version: Java(TM) SE Runtime Environment (8.0_05-b13) (build 1.8.0_05-b13)
# Java VM: Java HotSpot(TM) 64-Bit Server VM (25.5-b02 mixed mode windows-amd64 compressed oops)
Heap:
 def new generation   total 1152K, used 1098K [0x00000000a2400000, 0x00000000a2540000, 0x00000000c1800000)
  eden space 1024K, 100% used [0x00000000a2400000, 0x00000000a2500000, 0x00000000a2500000)
  from space 128K,  57% used [0x00000000a2520000, 0x00000000a25328e0, 0x00000000a2540000)
  to   space 128K,   1% used [0x00000000a2500000, 0x00000000a2500838, 0x00000000a2520000)
 tenured generation   total 64256K, used 12628K [0x00000000c1800000, 0x00000000c56c0000, 0x0000000100000000)
   the space 64256K,  19% used [0x00000000c1800000, 0x00000000c2455230, 0x00000000c2455400, 0x00000000c56c0000)
 Metaspace       used 11930K, capacity 12268K, committed 12544K, reserved 1060864K
  class space    used 1379K, capacity 1460K, committed 1536K, reserved 1048576K
GC Heap History (10 events):
Event: 12.323 GC heap before
{Heap before GC invocations=158 (full 0):
 def new generation   total 1152K, used 1092K [0x00000000a2400000, 0x00000000a2540000, 0x00000000c1800000)
  eden space 1024K, 100% used [0x00000000a2400000, 0x00000000a2500000, 0x00000000a2500000)
  from space 128K,  53% used [0x00000000a2500000, 0x00000000a2511050, 0x00000000a2520000)
  to   space 128K,   0% used [0x00000000a2520000, 0x00000000a2520000, 0x00000000a2540000)
 tenured generation   total 64256K, used 12225K [0x00000000c1800000, 0x00000000c56c0000, 0x0000000100000000)
   the space 64256K,  19% used [0x00000000c1800000, 0x00000000c23f07a8, 0x00000000c23f0800, 0x00000000c56c0000)
 Metaspace       used 11928K, capacity 12268K, committed 12544K, reserved 1060864K
  class space    used 1379K, capacity 1460K, committed 1536K, reserved 1048576K
Event: 12.329 GC heap after
Heap after GC invocations=159 (full 0):
 def new generation   total 1152K, used 128K [0x00000000a2400000, 0x00000000a2540000, 0x00000000c1800000)
  eden space 1024K,   0% used [0x00000000a2400000, 0x00000000a2400000, 0x00000000a2500000)
  from space 128K, 100% used [0x00000000a2520000, 0x00000000a2540000, 0x00000000a2540000)
  to   space 128K,   0% used [0x00000000a2500000, 0x00000000a2500000, 0x00000000a2520000)
 tenured generation   total 64256K, used 12263K [0x00000000c1800000, 0x00000000c56c0000, 0x0000000100000000)
   the space 64256K,  19% used [0x00000000c1800000, 0x00000000c23f9dd8, 0x00000000c23f9e00, 0x00000000c56c0000)
 Metaspace       used 11928K, capacity 12268K, committed 12544K, reserved 1060864K
  class space    used 1379K, capacity 1460K, committed 1536K, reserved 1048576K
}
Event: 12.405 GC heap before
{Heap before GC invocations=159 (full 0):
 def new generation   total 1152K, used 1152K [0x00000000a2400000, 0x00000000a2540000, 0x00000000c1800000)
  eden space 1024K, 100% used [0x00000000a2400000, 0x00000000a2500000, 0x00000000a2500000)
  from space 128K, 100% used [0x00000000a2520000, 0x00000000a2540000, 0x00000000a2540000)
  to   space 128K,   0% used [0x00000000a2500000, 0x00000000a2500000, 0x00000000a2520000)
 tenured generation   total 64256K, used 12263K [0x00000000c1800000, 0x00000000c56c0000, 0x0000000100000000)
   the space 64256K,  19% used [0x00000000c1800000, 0x00000000c23f9dd8, 0x00000000c23f9e00, 0x00000000c56c0000)
 Metaspace       used 11928K, capacity 12268K, committed 12544K, reserved 1060864K
  class space    used 1379K, capacity 1460K, committed 1536K, reserved 1048576K
Event: 12.409 GC heap after
Heap after GC invocations=160 (full 0):
 def new generation   total 1152K, used 73K [0x00000000a2400000, 0x00000000a2540000, 0x00000000c1800000)
  eden space 1024K,   0% used [0x00000000a2400000, 0x00000000a2400000, 0x00000000a2500000)
  from space 128K,  57% used [0x00000000a2500000, 0x00000000a25125c0, 0x00000000a2520000)
  to   space 128K,   0% used [0x00000000a2520000, 0x00000000a2520000, 0x00000000a2540000)
 tenured generation   total 64256K, used 12346K [0x00000000c1800000, 0x00000000c56c0000, 0x0000000100000000)
   the space 64256K,  19% used [0x00000000c1800000, 0x00000000c240eb90, 0x00000000c240ec00, 0x00000000c56c0000)
 Metaspace       used 11928K, capacity 12268K, committed 12544K, reserved 1060864K
  class space    used 1379K, capacity 1460K, committed 1536K, reserved 1048576K
}
Event: 12.478 GC heap before
{Heap before GC invocations=160 (full 0):
 def new generation   total 1152K, used 1097K [0x00000000a2400000, 0x00000000a2540000, 0x00000000c1800000)
  eden space 1024K, 100% used [0x00000000a2400000, 0x00000000a2500000, 0x00000000a2500000)
  from space 128K,  57% used [0x00000000a2500000, 0x00000000a25125c0, 0x00000000a2520000)
  to   space 128K,   0% used [0x00000000a2520000, 0x00000000a2520000, 0x00000000a2540000)
 tenured generation   total 64256K, used 12346K [0x00000000c1800000, 0x00000000c56c0000, 0x0000000100000000)
   the space 64256K,  19% used [0x00000000c1800000, 0x00000000c240eb90, 0x00000000c240ec00, 0x00000000c56c0000)
 Metaspace       used 11928K, capacity 12268K, committed 12544K, reserved 1060864K
  class space    used 1379K, capacity 1460K, committed 1536K, reserved 1048576K
Event: 12.482 GC heap after
Heap after GC invocations=161 (full 0):
 def new generation   total 1152K, used 114K [0x00000000a2400000, 0x00000000a2540000, 0x00000000c1800000)
  eden space 1024K,   0% used [0x00000000a2400000, 0x00000000a2400000, 0x00000000a2500000)
  from space 128K,  89% used [0x00000000a2520000, 0x00000000a253cb20, 0x00000000a2540000)
  to   space 128K,   0% used [0x00000000a2500000, 0x00000000a2500000, 0x00000000a2520000)
 tenured generation   total 64256K, used 12361K [0x00000000c1800000, 0x00000000c56c0000, 0x0000000100000000)
   the space 64256K,  19% used [0x00000000c1800000, 0x00000000c24125f0, 0x00000000c2412600, 0x00000000c56c0000)
 Metaspace       used 11928K, capacity 12268K, committed 12544K, reserved 1060864K
  class space    used 1379K, capacity 1460K, committed 1536K, reserved 1048576K
}
Event: 12.541 GC heap before
{Heap before GC invocations=161 (full 0):
 def new generation   total 1152K, used 1138K [0x00000000a2400000, 0x00000000a2540000, 0x00000000c1800000)
  eden space 1024K, 100% used [0x00000000a2400000, 0x00000000a2500000, 0x00000000a2500000)
  from space 128K,  89% used [0x00000000a2520000, 0x00000000a253cb20, 0x00000000a2540000)
  to   space 128K,   0% used [0x00000000a2500000, 0x00000000a2500000, 0x00000000a2520000)
 tenured generation   total 64256K, used 12361K [0x00000000c1800000, 0x00000000c56c0000, 0x0000000100000000)
   the space 64256K,  19% used [0x00000000c1800000, 0x00000000c24125f0, 0x00000000c2412600, 0x00000000c56c0000)
 Metaspace       used 11930K, capacity 12268K, committed 12544K, reserved 1060864K
  class space    used 1379K, capacity 1460K, committed 1536K, reserved 1048576K
Event: 12.545 GC heap after
Heap after GC invocations=162 (full 0):
 def new generation   total 1152K, used 126K [0x00000000a2400000, 0x00000000a2540000, 0x00000000c1800000)
  eden space 1024K,   0% used [0x00000000a2400000, 0x00000000a2400000, 0x00000000a2500000)
  from space 128K,  98% used [0x00000000a2500000, 0x00000000a251fa48, 0x00000000a2520000)
  to   space 128K,   0% used [0x00000000a2520000, 0x00000000a2520000, 0x00000000a2540000)
 tenured generation   total 64256K, used 12423K [0x00000000c1800000, 0x00000000c56c0000, 0x0000000100000000)
   the space 64256K,  19% used [0x00000000c1800000, 0x00000000c2421cb8, 0x00000000c2421e00, 0x00000000c56c0000)
 Metaspace       used 11930K, capacity 12268K, committed 12544K, reserved 1060864K
  class space    used 1379K, capacity 1460K, committed 1536K, reserved 1048576K
}
Event: 12.569 GC heap before
{Heap before GC invocations=162 (full 0):
 def new generation   total 1152K, used 1150K [0x00000000a2400000, 0x00000000a2540000, 0x00000000c1800000)
  eden space 1024K, 100% used [0x00000000a2400000, 0x00000000a2500000, 0x00000000a2500000)
  from space 128K,  98% used [0x00000000a2500000, 0x00000000a251fa48, 0x00000000a2520000)
  to   space 128K,   0% used [0x00000000a2520000, 0x00000000a2520000, 0x00000000a2540000)
 tenured generation   total 64256K, used 12423K [0x00000000c1800000, 0x00000000c56c0000, 0x0000000100000000)
   the space 64256K,  19% used [0x00000000c1800000, 0x00000000c2421cb8, 0x00000000c2421e00, 0x00000000c56c0000)
 Metaspace       used 11930K, capacity 12268K, committed 12544K, reserved 1060864K
  class space    used 1379K, capacity 1460K, committed 1536K, reserved 1048576K
Event: 12.574 GC heap after
Heap after GC invocations=163 (full 0):
 def new generation   total 1152K, used 65K [0x00000000a2400000, 0x00000000a2540000, 0x00000000c1800000)
  eden space 1024K,   0% used [0x00000000a2400000, 0x00000000a2400000, 0x00000000a2500000)
  from space 128K,  51% used [0x00000000a2520000, 0x00000000a2530798, 0x00000000a2540000)
  to   space 128K,   0% used [0x00000000a2500000, 0x00000000a2500000, 0x00000000a2520000)
 tenured generation   total 64256K, used 12502K [0x00000000c1800000, 0x00000000c56c0000, 0x0000000100000000)
   the space 64256K,  19% used [0x00000000c1800000, 0x00000000c2435a58, 0x00000000c2435c00, 0x00000000c56c0000)
 Metaspace       used 11930K, capacity 12268K, committed 12544K, reserved 1060864K
  class space    used 1379K, capacity 1460K, committed 1536K, reserved 1048576K
}

